app/build/intermediates/manifest_merge_blame_file/debug/manifest-merger-blame-debug-report.txt
1<?xml version="1.0" encoding="utf-8"?>
2<manifest xmlns:android="http://schemas.android.com/apk/res/android"
3    package="com.example.taskmanager"
4    android:versionCode="1"
5    android:versionName="1.0" >
6
7    <uses-sdk
8        android:minSdkVersion="23"
8-->src\main\AndroidManifest.xml
9        android:targetSdkVersion="30" />
9-->src\main\AndroidManifest.xml
10
11    <!-- ANDROID PERMISSIONS -->
12    <!--
13    These permissions do not allow the user to grant or decline permission. It is built in with the code written in
14    MainActivity.java. You can find that these permissions are running and enabled by checking the permissions, clicking
15    "permissions" and then in the right upper corner selecting "all permissions"
16    -->
17    <!-- [4] http://androidpermissions.org/android-permission-KILL_BACKGROUND_PROCESSES/ -->
18    <uses-permission android:name="android.permission.KILL_BACKGROUND_PROCESSES" />
18-->src\main\AndroidManifest.xml:12:5-83
18-->src\main\AndroidManifest.xml:12:22-81
19
20    <!-- read external storage permission. has to be left it to get access to show what permissions are being used. -->
21    <uses-permission android:name="android.permission.READ_EXTERNAL_STORAGE" />
21-->src\main\AndroidManifest.xml:15:5-80
21-->src\main\AndroidManifest.xml:15:22-77
22
23    <application
23-->src\main\AndroidManifest.xml:18:5-71:19
24        android:allowBackup="true"
24-->src\main\AndroidManifest.xml:19:9-35
25        android:appComponentFactory="androidx.core.app.CoreComponentFactory"
25-->[androidx.core:core:1.3.1] AndroidManifest.xml:24:18-86
26        android:debuggable="true"
27        android:extractNativeLibs="false"
28        android:icon="@mipmap/ic_launcher"
28-->src\main\AndroidManifest.xml:20:9-43
29        android:label="@string/app_name"
29-->src\main\AndroidManifest.xml:21:9-41
30        android:roundIcon="@mipmap/ic_launcher_round"
30-->src\main\AndroidManifest.xml:22:9-54
31        android:supportsRtl="true"
31-->src\main\AndroidManifest.xml:23:9-35
32        android:testOnly="true"
33        android:theme="@style/AppTheme" >
33-->src\main\AndroidManifest.xml:24:9-40
34
35        <!-- MAIN ACTIVITY -->
36        <activity
36-->src\main\AndroidManifest.xml:28:9-37:20
37            android:name="com.example.taskmanager.ui.main.MainActivity"
37-->src\main\AndroidManifest.xml:29:13-49
38            android:label="@string/app_name"
38-->src\main\AndroidManifest.xml:30:13-45
39            android:theme="@style/AppTheme.NoActionBar" >
39-->src\main\AndroidManifest.xml:31:13-56
40            <intent-filter>
40-->src\main\AndroidManifest.xml:32:13-36:29
41                <action android:name="android.intent.action.MAIN" />
41-->src\main\AndroidManifest.xml:33:17-69
41-->src\main\AndroidManifest.xml:33:25-66
42
43                <category android:name="android.intent.category.DEFAULT" />
43-->src\main\AndroidManifest.xml:35:17-76
43-->src\main\AndroidManifest.xml:35:27-73
44            </intent-filter>
45        </activity>
46
47        <!-- SPLASH SCREEN ACTIVITY -->
48        <!-- [12] https://developer.android.com/reference/android/widget/SearchView -->
49        <activity
49-->src\main\AndroidManifest.xml:44:9-52:20
50            android:name="com.example.taskmanager.ui.main.SplashScreen"
50-->src\main\AndroidManifest.xml:45:13-49
51            android:theme="@style/AppTheme.NoActionBar" >
51-->src\main\AndroidManifest.xml:46:13-56
52            <intent-filter>
52-->src\main\AndroidManifest.xml:47:13-51:29
53                <action android:name="android.intent.action.MAIN" />
53-->src\main\AndroidManifest.xml:33:17-69
53-->src\main\AndroidManifest.xml:33:25-66
54
55                <category android:name="android.intent.category.LAUNCHER" />
55-->src\main\AndroidManifest.xml:50:17-77
55-->src\main\AndroidManifest.xml:50:27-74
56            </intent-filter>
57        </activity>
58
59        <!-- bind device admin permission -->
60        <!-- [5] https://developer.android.com/reference/android/app/admin/DeviceAdminReceiver -->
61        <receiver
61-->src\main\AndroidManifest.xml:59:9-70:20
62            android:name="com.example.taskmanager.ui.main.myAdmin"
62-->src\main\AndroidManifest.xml:60:13-44
63            android:permission="android.permission.BIND_DEVICE_ADMIN" >
63-->src\main\AndroidManifest.xml:61:13-70
64            <meta-data
64-->src\main\AndroidManifest.xml:63:13-66:46
65                android:name="android.app.device_admin"
65-->src\main\AndroidManifest.xml:64:17-56
66                android:resource="@xml/policies" />
66-->src\main\AndroidManifest.xml:65:17-49
67
68            <intent-filter>
68-->src\main\AndroidManifest.xml:67:13-69:29
69                <action android:name="android.app.DEVICE_ADMIN_ENABLED" />
69-->src\main\AndroidManifest.xml:68:17-75
69-->src\main\AndroidManifest.xml:68:25-72
70            </intent-filter>
71        </receiver>
72
73        <provider
73-->[androidx.lifecycle:lifecycle-process:2.2.0] AndroidManifest.xml:25:9-29:43
74            android:name="androidx.lifecycle.ProcessLifecycleOwnerInitializer"
74-->[androidx.lifecycle:lifecycle-process:2.2.0] AndroidManifest.xml:26:13-79
75            android:authorities="com.example.taskmanager.lifecycle-process"
75-->[androidx.lifecycle:lifecycle-process:2.2.0] AndroidManifest.xml:27:13-69
76            android:exported="false"
76-->[androidx.lifecycle:lifecycle-process:2.2.0] AndroidManifest.xml:28:13-37
77            android:multiprocess="true" />
77-->[androidx.lifecycle:lifecycle-process:2.2.0] AndroidManifest.xml:29:13-40
78    </application>
79
80</manifest>